<?xml version="1.0" encoding="UTF-8"?>
<!-- Generated by org.testng.reporters.JUnitReportReporter -->
<testsuite hostname="study-PC" name="clinchPageTest.clinchMyTodoTest" tests="1" failures="0" timestamp="17 Jan 2018 05:23:34 GMT" time="39.803" errors="0">
  <testcase name="CreateTodoTest" time="39.803" classname="clinchPageTest.clinchMyTodoTest"/>
</testsuite> <!-- clinchPageTest.clinchMyTodoTest -->
