<?xml version="1.0" encoding="UTF-8"?>
<!-- Generated by org.testng.reporters.JUnitReportReporter -->
<testsuite hostname="study-PC" name="clinchPageTest.clinchContactsTest" tests="1" failures="0" timestamp="17 Jan 2018 05:23:34 GMT" time="39.646" errors="0">
  <testcase name="ImportContacts" time="39.646" classname="clinchPageTest.clinchContactsTest"/>
</testsuite> <!-- clinchPageTest.clinchContactsTest -->
